<?xml version="1.0" encoding="UTF-8"?>
<!-- Generated by org.testng.reporters.JUnitXMLReporter -->
<testsuite ignored="1" hostname="DESKTOP-QQHRHMJ" failures="4" tests="7" name="Surefire test" time="252.072" errors="0" timestamp="2025-05-22T12:23:44 CLT">
  <testcase classname="principal.AgriTest" name="inicioSesionAgriTest" time="13.686"/>
  <testcase classname="principal.NavegacionTest" name="abrirMenuTest" time="18.553"/>
  <testcase classname="principal.NavegacionTest" name="facturaElectronicaSiiAgriTest" time="50.055">
    <failure type="java.lang.AssertionError" message="The following asserts failed:
	expected [true] but found [false]">
      <![CDATA[java.lang.AssertionError: The following asserts failed:
expected [true] but found [false]
at principal.NavegacionTest.facturaElectronicaSiiAgriTest(NavegacionTest.java:176)
at java.base/java.util.ArrayList.forEach(ArrayList.java:1511)
... Removed 34 stack frames]]>
    </failure>
  </testcase> <!-- facturaElectronicaSiiAgriTest -->
  <testcase classname="principal.NavegacionTest" name="inicioSesionAgriTest" time="13.037"/>
  <testcase classname="principal.NavegacionTest" name="notaCreditoSiiAgriTest" time="51.952">
    <failure type="java.lang.AssertionError" message="The following asserts failed:
	expected [true] but found [false]">
      <![CDATA[java.lang.AssertionError: The following asserts failed:
expected [true] but found [false]
at principal.NavegacionTest.notaCreditoSiiAgriTest(NavegacionTest.java:280)
at java.base/java.util.ArrayList.forEach(ArrayList.java:1511)
... Removed 34 stack frames]]>
    </failure>
  </testcase> <!-- notaCreditoSiiAgriTest -->
  <testcase classname="principal.NavegacionTest" name="notaDebitoSiiAgriTest" time="49.82">
    <failure type="java.lang.AssertionError" message="The following asserts failed:
	expected [true] but found [false]">
      <![CDATA[java.lang.AssertionError: The following asserts failed:
expected [true] but found [false]
at principal.NavegacionTest.notaDebitoSiiAgriTest(NavegacionTest.java:384)
at java.base/java.util.ArrayList.forEach(ArrayList.java:1511)
... Removed 34 stack frames]]>
    </failure>
  </testcase> <!-- notaDebitoSiiAgriTest -->
  <testcase classname="principal.NavegacionTest" name="remuneracionSiiAgriTest" time="42.267">
    <failure type="java.lang.AssertionError" message="expected [Sutil] but found []">
      <![CDATA[java.lang.AssertionError: expected [Sutil] but found []
at principal.NavegacionTest.remuneracionSiiAgriTest(NavegacionTest.java:477)
at java.base/java.util.ArrayList.forEach(ArrayList.java:1511)
... Removed 38 stack frames]]>
    </failure>
  </testcase> <!-- remuneracionSiiAgriTest -->
  <testcase classname="principal.AgriTest" name="resumenTest" time="0.0">
    <ignored/>
  </testcase> <!-- resumenTest -->
</testsuite> <!-- Surefire test -->
