<!DOCTYPE html PUBLIC "-//W3C//DTD XHTML 1.1//EN" "https://www.w3.org/TR/xhtml11/DTD/xhtml11.dtd">
<html xmlns="https://www.w3.org/1999/xhtml">
<head>
<meta http-equiv="content-type" content="text/html; charset=UTF-8"/>
<title>TestNG Report</title>
<style type="text/css">table {margin-bottom:10px;border-collapse:collapse;empty-cells:show}th,td {border:1px solid #009;padding:.25em .5em}th {vertical-align:bottom}td {vertical-align:top}table a {font-weight:bold}.stripe td {background-color: #E6EBF9}.num {text-align:right}.passedodd td {background-color: #3F3}.passedeven td {background-color: #0A0}.skippedodd td {background-color: #DDD}.skippedeven td {background-color: #CCC}.failedodd td,.attn {background-color: #F33}.failedeven td,.stripe .attn {background-color: #D00}.stacktrace {white-space:pre;font-family:monospace}.totop {font-size:85%;text-align:center;border-bottom:2px solid #000}.invisible {display:none}</style>
</head>
<body>
<table>
<tr><th>Test</th><th># Passed</th><th># Skipped</th><th># Retried</th><th># Failed</th><th>Time (ms)</th><th>Included Groups</th><th>Excluded Groups</th></tr>
<tr><th colspan="8">Surefire suite</th></tr>
<tr><td><a href="#t0">Surefire test</a></td><td class="num">3</td><td class="num">0</td><td class="num">0</td><td class="num attn">4</td><td class="num">252.072</td><td>regression</td><td></td></tr>
</table>
<table id='summary'><thead><tr><th>Class</th><th>Method</th><th>Start</th><th>Time (ms)</th></tr></thead><tbody><tr><th colspan="4">Surefire suite</th></tr></tbody><tbody id="t0"><tr><th colspan="4">Surefire test &#8212; failed</th></tr><tr class="failedeven"><td rowspan="4">principal.NavegacionTest</td><td><a href="#m0">facturaElectronicaSiiAgriTest</a></td><td rowspan="1">1747930811140</td><td rowspan="1">50055</td></tr><tr class="failedeven"><td><a href="#m1">notaCreditoSiiAgriTest</a></td><td rowspan="1">1747930877462</td><td rowspan="1">51952</td></tr><tr class="failedeven"><td><a href="#m2">notaDebitoSiiAgriTest</a></td><td rowspan="1">1747930930834</td><td rowspan="1">49820</td></tr><tr class="failedeven"><td><a href="#m3">remuneracionSiiAgriTest</a></td><td rowspan="1">1747930982078</td><td rowspan="1">42267</td></tr><tr><th colspan="4">Surefire test &#8212; passed</th></tr><tr class="passedeven"><td rowspan="1">principal.AgriTest</td><td><a href="#m4">inicioSesionAgriTest</a></td><td rowspan="1">1747930776305</td><td rowspan="1">13686</td></tr><tr class="passedodd"><td rowspan="2">principal.NavegacionTest</td><td><a href="#m5">abrirMenuTest</a></td><td rowspan="1">1747930791337</td><td rowspan="1">18553</td></tr><tr class="passedodd"><td><a href="#m6">inicioSesionAgriTest</a></td><td rowspan="1">1747930863167</td><td rowspan="1">13037</td></tr></tbody>
</table>
<h2>Surefire test</h2><h3 id="m0">principal.NavegacionTest#facturaElectronicaSiiAgriTest</h3><table class="result"><tr><th>Exception</th></tr><tr><td><div class="stacktrace">java.lang.AssertionError: The following asserts failed:
	expected [true] but found [false]
	at principal.NavegacionTest.facturaElectronicaSiiAgriTest(NavegacionTest.java:176)
	at java.base/java.util.ArrayList.forEach(ArrayList.java:1511)
... Removed 34 stack frames</div></td></tr></table><p class="totop"><a href="#summary">back to summary</a></p>
<h3 id="m1">principal.NavegacionTest#notaCreditoSiiAgriTest</h3><table class="result"><tr><th>Exception</th></tr><tr><td><div class="stacktrace">java.lang.AssertionError: The following asserts failed:
	expected [true] but found [false]
	at principal.NavegacionTest.notaCreditoSiiAgriTest(NavegacionTest.java:280)
	at java.base/java.util.ArrayList.forEach(ArrayList.java:1511)
... Removed 34 stack frames</div></td></tr></table><p class="totop"><a href="#summary">back to summary</a></p>
<h3 id="m2">principal.NavegacionTest#notaDebitoSiiAgriTest</h3><table class="result"><tr><th>Exception</th></tr><tr><td><div class="stacktrace">java.lang.AssertionError: The following asserts failed:
	expected [true] but found [false]
	at principal.NavegacionTest.notaDebitoSiiAgriTest(NavegacionTest.java:384)
	at java.base/java.util.ArrayList.forEach(ArrayList.java:1511)
... Removed 34 stack frames</div></td></tr></table><p class="totop"><a href="#summary">back to summary</a></p>
<h3 id="m3">principal.NavegacionTest#remuneracionSiiAgriTest</h3><table class="result"><tr><th>Exception</th></tr><tr><td><div class="stacktrace">java.lang.AssertionError: expected [Sutil] but found []
	at principal.NavegacionTest.remuneracionSiiAgriTest(NavegacionTest.java:477)
	at java.base/java.util.ArrayList.forEach(ArrayList.java:1511)
... Removed 38 stack frames</div></td></tr></table><p class="totop"><a href="#summary">back to summary</a></p>
<h3 id="m4">principal.AgriTest#inicioSesionAgriTest</h3><table class="result"><tr><th class="invisible"/></tr></table><p class="totop"><a href="#summary">back to summary</a></p>
<h3 id="m5">principal.NavegacionTest#abrirMenuTest</h3><table class="result"><tr><th class="invisible"/></tr></table><p class="totop"><a href="#summary">back to summary</a></p>
<h3 id="m6">principal.NavegacionTest#inicioSesionAgriTest</h3><table class="result"><tr><th class="invisible"/></tr></table><p class="totop"><a href="#summary">back to summary</a></p>
</body>
</html>
